Initial LR: 0.001
Optimizer LR set to 0.001
Optimizer LR set to 0.001
Step 1: LR = 0.001
Optimizer LR set to 0.001
Step 2: LR = 0.001
Optimizer LR set to 0.001
Step 3: LR = 0.001
Optimizer LR set to 0.0005
Step 4: LR = 0.0005
Optimizer LR set to 0.0005
Step 5: LR = 0.0005
Optimizer LR set to 0.0005
Step 6: LR = 0.0005
Optimizer LR set to 0.00025
Step 7: LR = 0.00025
Optimizer LR set to 0.00025
Step 8: LR = 0.00025
Optimizer LR set to 0.00025
Step 9: LR = 0.00025
Optimizer LR set to 0.000125
Step 10: LR = 0.000125

--- Checkpoint example ---
Saved state (first 5 entries):
  gamma = 0.5
  initial_lr = 0.001
  last_lr = 0.000125
  step_count = 10
  step_size = 3
Optimizer LR set to 0.001
After loading state, new scheduler LR = 0.000125
